<?xml version="1.0" encoding="UTF-8"?>
<!-- Generated by org.testng.reporters.JUnitXMLReporter -->
<testsuite ignored="0" hostname="Laptop" failures="0" tests="4" name="Default test" time="10.057" errors="0" timestamp="2025-04-22T23:18:15 IST">
  <testcase classname="api.test.UserTest" name="testPostUser" time="3.626"/>
  <testcase classname="api.test.UserTest" name="testGetUser" time="1.268"/>
  <testcase classname="api.test.UserTest" name="testUpdateByName" time="3.543"/>
  <testcase classname="api.test.UserTest" name="testDeleteUserByName" time="1.248"/>
</testsuite> <!-- Default test -->
