<?xml version="1.0" encoding="UTF-8"?>
<!-- Generated by org.testng.reporters.JUnitXMLReporter -->
<testsuite ignored="0" hostname="Laptop" failures="1" tests="4" name="Test" time="9.249" errors="0" timestamp="2025-04-25T01:37:04 IST">
  <testcase classname="api.test.UserTest" name="testPostUser" time="3.282"/>
  <testcase classname="api.test.UserTest" name="testGetUser" time="1.258">
    <failure type="java.lang.AssertionError" message="expected [200] but found [404]">
      <![CDATA[java.lang.AssertionError: expected [200] but found [404]
at api.test.UserTest.testGetUser(UserTest.java:58)
at java.base/java.util.ArrayList.forEach(ArrayList.java:1511)
... Removed 34 stack frames]]>
    </failure>
  </testcase> <!-- testGetUser -->
  <testcase classname="api.test.UserTest" name="testUpdateByName" time="2.795"/>
  <testcase classname="api.test.UserTest" name="testDeleteUserByName" time="1.409"/>
</testsuite> <!-- Test -->
