<?xml version="1.0" encoding="UTF-8"?>
<!-- Generated by org.testng.reporters.JUnitXMLReporter -->
<testsuite ignored="0" hostname="Laptop" failures="2" tests="4" name="Test" time="10.431" errors="0" timestamp="2025-04-23T13:18:43 IST">
  <testcase classname="api.test.UserTest" name="testPostUser" time="3.392"/>
  <testcase classname="api.test.UserTest" name="testGetUser" time="1.416">
    <failure type="java.lang.AssertionError" message="expected [200] but found [404]">
      <![CDATA[java.lang.AssertionError: expected [200] but found [404]
at api.test.UserTest.testGetUser(UserTest.java:59)
at java.base/java.util.ArrayList.forEach(ArrayList.java:1511)
... Removed 34 stack frames]]>
    </failure>
  </testcase> <!-- testGetUser -->
  <testcase classname="api.test.UserTest" name="testUpdateByName" time="2.944">
    <failure type="java.lang.AssertionError" message="expected [200] but found [404]">
      <![CDATA[java.lang.AssertionError: expected [200] but found [404]
at api.test.UserTest.testUpdateByName(UserTest.java:77)
at java.base/java.util.ArrayList.forEach(ArrayList.java:1511)
... Removed 34 stack frames]]>
    </failure>
  </testcase> <!-- testUpdateByName -->
  <testcase classname="api.test.UserTest" name="testDeleteUserByName" time="1.332"/>
</testsuite> <!-- Test -->
