<?xml version="1.0" encoding="UTF-8"?>
<!-- Generated by org.testng.reporters.JUnitXMLReporter -->
<testsuite ignored="0" hostname="Laptop" failures="0" tests="4" name="Test" time="9.196" errors="0" timestamp="2025-04-25T01:20:54 IST">
  <testcase classname="api.test.UserTest" name="testPostUser" time="3.148"/>
  <testcase classname="api.test.UserTest" name="testGetUser" time="1.276"/>
  <testcase classname="api.test.UserTest" name="testUpdateByName" time="2.457"/>
  <testcase classname="api.test.UserTest" name="testDeleteUserByName" time="1.178"/>
</testsuite> <!-- Test -->
