<?xml version="1.0" encoding="UTF-8"?>
<testng-results ignored="0" total="4" passed="4" failed="0" skipped="0">
  <reporter-output>
  </reporter-output>
  <suite started-at="2025-04-25T01:20:43 IST" name="Suite" finished-at="2025-04-25T01:20:52 IST" duration-ms="9196">
    <groups>
    </groups>
    <test started-at="2025-04-25T01:20:43 IST" name="Test" finished-at="2025-04-25T01:20:52 IST" duration-ms="9196">
      <class name="api.test.UserTest">
        <test-method is-config="true" signature="setup()[pri:0, instance:api.test.UserTest@20deea7f]" started-at="2025-04-25T01:20:43 IST" name="setup" finished-at="2025-04-25T01:20:44 IST" duration-ms="838" status="PASS">
          <reporter-output>
          </reporter-output>
        </test-method> <!-- setup -->
        <test-method signature="testPostUser()[pri:1, instance:api.test.UserTest@20deea7f]" started-at="2025-04-25T01:20:44 IST" name="testPostUser" finished-at="2025-04-25T01:20:47 IST" duration-ms="3148" status="PASS">
          <reporter-output>
          </reporter-output>
        </test-method> <!-- testPostUser -->
        <test-method signature="testGetUser()[pri:2, instance:api.test.UserTest@20deea7f]" started-at="2025-04-25T01:20:47 IST" name="testGetUser" finished-at="2025-04-25T01:20:49 IST" duration-ms="1276" status="PASS">
          <reporter-output>
          </reporter-output>
        </test-method> <!-- testGetUser -->
        <test-method signature="testUpdateByName()[pri:3, instance:api.test.UserTest@20deea7f]" started-at="2025-04-25T01:20:49 IST" name="testUpdateByName" finished-at="2025-04-25T01:20:51 IST" duration-ms="2457" status="PASS">
          <reporter-output>
          </reporter-output>
        </test-method> <!-- testUpdateByName -->
        <test-method signature="testDeleteUserByName()[pri:4, instance:api.test.UserTest@20deea7f]" started-at="2025-04-25T01:20:51 IST" name="testDeleteUserByName" finished-at="2025-04-25T01:20:52 IST" duration-ms="1178" status="PASS">
          <reporter-output>
          </reporter-output>
        </test-method> <!-- testDeleteUserByName -->
      </class> <!-- api.test.UserTest -->
    </test> <!-- Test -->
  </suite> <!-- Suite -->
</testng-results>
