<?xml version="1.0" encoding="UTF-8"?>
<testng-results ignored="0" total="4" passed="4" failed="0" skipped="0">
  <reporter-output>
  </reporter-output>
  <suite started-at="2025-04-22T23:18:05 IST" name="Default suite" finished-at="2025-04-22T23:18:15 IST" duration-ms="10057">
    <groups>
    </groups>
    <test started-at="2025-04-22T23:18:05 IST" name="Default test" finished-at="2025-04-22T23:18:15 IST" duration-ms="10057">
      <class name="api.test.UserTest">
        <test-method is-config="true" signature="setupData()[pri:0, instance:api.test.UserTest@368f2016]" started-at="2025-04-22T23:18:05 IST" name="setupData" finished-at="2025-04-22T23:18:06 IST" duration-ms="305" status="PASS">
          <reporter-output>
          </reporter-output>
        </test-method> <!-- setupData -->
        <test-method signature="testPostUser()[pri:1, instance:api.test.UserTest@368f2016]" started-at="2025-04-22T23:18:06 IST" name="testPostUser" finished-at="2025-04-22T23:18:09 IST" duration-ms="3626" status="PASS">
          <reporter-output>
          </reporter-output>
        </test-method> <!-- testPostUser -->
        <test-method signature="testGetUser()[pri:2, instance:api.test.UserTest@368f2016]" started-at="2025-04-22T23:18:09 IST" name="testGetUser" finished-at="2025-04-22T23:18:11 IST" duration-ms="1268" status="PASS">
          <reporter-output>
          </reporter-output>
        </test-method> <!-- testGetUser -->
        <test-method signature="testUpdateByName()[pri:3, instance:api.test.UserTest@368f2016]" started-at="2025-04-22T23:18:11 IST" name="testUpdateByName" finished-at="2025-04-22T23:18:14 IST" duration-ms="3543" status="PASS">
          <reporter-output>
          </reporter-output>
        </test-method> <!-- testUpdateByName -->
        <test-method signature="testDeleteUserByName()[pri:4, instance:api.test.UserTest@368f2016]" started-at="2025-04-22T23:18:14 IST" name="testDeleteUserByName" finished-at="2025-04-22T23:18:15 IST" duration-ms="1248" status="PASS">
          <reporter-output>
          </reporter-output>
        </test-method> <!-- testDeleteUserByName -->
      </class> <!-- api.test.UserTest -->
    </test> <!-- Default test -->
  </suite> <!-- Default suite -->
</testng-results>
